Performing C SOURCE FILE Test C_SUPPORTS_CMAKE_CXX_FLAGS failed with the following output:
Change Dir: /home/crane/dev/mlir_toy/build/CMakeFiles/CMakeTmp

Run Build Command(s):/usr/bin/gmake -f Makefile cmTC_ee6f0/fast && /usr/bin/gmake  -f CMakeFiles/cmTC_ee6f0.dir/build.make CMakeFiles/cmTC_ee6f0.dir/build
gmake[1]: Entering directory '/home/crane/dev/mlir_toy/build/CMakeFiles/CMakeTmp'
Building C object CMakeFiles/cmTC_ee6f0.dir/src.c.o
/usr/bin/clang -DC_SUPPORTS_CMAKE_CXX_FLAGS  -fPIC -fno-semantic-interposition -Werror=date-time -Werror=unguarded-availability-new    -Werror -fno-lifetime-dse -MD -MT CMakeFiles/cmTC_ee6f0.dir/src.c.o -MF CMakeFiles/cmTC_ee6f0.dir/src.c.o.d -o CMakeFiles/cmTC_ee6f0.dir/src.c.o -c /home/crane/dev/mlir_toy/build/CMakeFiles/CMakeTmp/src.c
clang: error: unknown argument: '-fno-lifetime-dse'
gmake[1]: *** [CMakeFiles/cmTC_ee6f0.dir/build.make:79: CMakeFiles/cmTC_ee6f0.dir/src.c.o] Error 1
gmake[1]: Leaving directory '/home/crane/dev/mlir_toy/build/CMakeFiles/CMakeTmp'
gmake: *** [Makefile:127: cmTC_ee6f0/fast] Error 2


Source file was:
int main(void) { return 0; }
Performing C++ SOURCE FILE Test CXX_SUPPORTS_CMAKE_CXX_FLAGS failed with the following output:
Change Dir: /home/crane/dev/mlir_toy/build/CMakeFiles/CMakeTmp

Run Build Command(s):/usr/bin/gmake -f Makefile cmTC_78121/fast && /usr/bin/gmake  -f CMakeFiles/cmTC_78121.dir/build.make CMakeFiles/cmTC_78121.dir/build
gmake[1]: Entering directory '/home/crane/dev/mlir_toy/build/CMakeFiles/CMakeTmp'
Building CXX object CMakeFiles/cmTC_78121.dir/src.cxx.o
/usr/bin/clang++ -DCXX_SUPPORTS_CMAKE_CXX_FLAGS  -fPIC -fno-semantic-interposition -fvisibility-inlines-hidden -Werror=date-time -Werror=unguarded-availability-new    -Werror -fno-lifetime-dse -std=gnu++17 -MD -MT CMakeFiles/cmTC_78121.dir/src.cxx.o -MF CMakeFiles/cmTC_78121.dir/src.cxx.o.d -o CMakeFiles/cmTC_78121.dir/src.cxx.o -c /home/crane/dev/mlir_toy/build/CMakeFiles/CMakeTmp/src.cxx
clang: error: unknown argument: '-fno-lifetime-dse'
gmake[1]: *** [CMakeFiles/cmTC_78121.dir/build.make:79: CMakeFiles/cmTC_78121.dir/src.cxx.o] Error 1
gmake[1]: Leaving directory '/home/crane/dev/mlir_toy/build/CMakeFiles/CMakeTmp'
gmake: *** [Makefile:127: cmTC_78121/fast] Error 2


Source file was:
int main() { return 0; }
Performing C++ SOURCE FILE Test CXX_SUPPORTS_CLASS_MEMACCESS_FLAG failed with the following output:
Change Dir: /home/crane/dev/mlir_toy/build/CMakeFiles/CMakeTmp

Run Build Command(s):/usr/bin/gmake -f Makefile cmTC_25c60/fast && /usr/bin/gmake  -f CMakeFiles/cmTC_25c60.dir/build.make CMakeFiles/cmTC_25c60.dir/build
gmake[1]: Entering directory '/home/crane/dev/mlir_toy/build/CMakeFiles/CMakeTmp'
Building CXX object CMakeFiles/cmTC_25c60.dir/src.cxx.o
/usr/bin/clang++ -DCXX_SUPPORTS_CLASS_MEMACCESS_FLAG  -fPIC -fno-semantic-interposition -fvisibility-inlines-hidden -Werror=date-time -Werror=unguarded-availability-new -Wall -Wextra -Wno-unused-parameter -Wwrite-strings -Wcast-qual -Wmissing-field-initializers -Wimplicit-fallthrough -Wcovered-switch-default    -Wclass-memaccess -std=gnu++17 -MD -MT CMakeFiles/cmTC_25c60.dir/src.cxx.o -MF CMakeFiles/cmTC_25c60.dir/src.cxx.o.d -o CMakeFiles/cmTC_25c60.dir/src.cxx.o -c /home/crane/dev/mlir_toy/build/CMakeFiles/CMakeTmp/src.cxx
warning: unknown warning option '-Wclass-memaccess'; did you mean '-Wclass-varargs'? [-Wunknown-warning-option]
1 warning generated.
Linking CXX executable cmTC_25c60
/usr/bin/cmake -E cmake_link_script CMakeFiles/cmTC_25c60.dir/link.txt --verbose=1
/usr/bin/clang++  -fPIC -fno-semantic-interposition -fvisibility-inlines-hidden -Werror=date-time -Werror=unguarded-availability-new -Wall -Wextra -Wno-unused-parameter -Wwrite-strings -Wcast-qual -Wmissing-field-initializers -Wimplicit-fallthrough -Wcovered-switch-default  CMakeFiles/cmTC_25c60.dir/src.cxx.o -o cmTC_25c60 
gmake[1]: Leaving directory '/home/crane/dev/mlir_toy/build/CMakeFiles/CMakeTmp'


Source file was:
int main() { return 0; }
Determining if the os_signpost_interval_begin exist failed with the following output:
Change Dir: /home/crane/dev/mlir_toy/build/CMakeFiles/CMakeTmp

Run Build Command(s):/usr/bin/gmake -f Makefile cmTC_5212d/fast && /usr/bin/gmake  -f CMakeFiles/cmTC_5212d.dir/build.make CMakeFiles/cmTC_5212d.dir/build
gmake[1]: Entering directory '/home/crane/dev/mlir_toy/build/CMakeFiles/CMakeTmp'
Building C object CMakeFiles/cmTC_5212d.dir/CheckSymbolExists.c.o
/usr/bin/clang   -fPIC -fno-semantic-interposition  -Wall -Wextra -Wno-unused-parameter -Wwrite-strings -Wcast-qual -Wmissing-field-initializers -Wimplicit-fallthrough -Wcovered-switch-default -Wstring-conversion -Wmisleading-indentation -Wctad-maybe-unsupported  -MD -MT CMakeFiles/cmTC_5212d.dir/CheckSymbolExists.c.o -MF CMakeFiles/cmTC_5212d.dir/CheckSymbolExists.c.o.d -o CMakeFiles/cmTC_5212d.dir/CheckSymbolExists.c.o -c /home/crane/dev/mlir_toy/build/CMakeFiles/CMakeTmp/CheckSymbolExists.c
/home/crane/dev/mlir_toy/build/CMakeFiles/CMakeTmp/CheckSymbolExists.c:2:10: fatal error: 'os/signpost.h' file not found
#include <os/signpost.h>
         ^~~~~~~~~~~~~~~
1 error generated.
gmake[1]: *** [CMakeFiles/cmTC_5212d.dir/build.make:79: CMakeFiles/cmTC_5212d.dir/CheckSymbolExists.c.o] Error 1
gmake[1]: Leaving directory '/home/crane/dev/mlir_toy/build/CMakeFiles/CMakeTmp'
gmake: *** [Makefile:127: cmTC_5212d/fast] Error 2


File /home/crane/dev/mlir_toy/build/CMakeFiles/CMakeTmp/CheckSymbolExists.c:
/* */
#include <os/signpost.h>

int main(int argc, char** argv)
{
  (void)argv;
#ifndef os_signpost_interval_begin
  return ((int*)(&os_signpost_interval_begin))[argc];
#else
  (void)argc;
  return 0;
#endif
}
